<?xml version="1.0" encoding="UTF-8"?>
<!-- Generated by org.testng.reporters.JUnitXMLReporter -->
<testsuite ignored="0" hostname="DESKTOP-I0292P0" failures="0" tests="4" name="Test" time="341.246" errors="0" timestamp="2024-08-08T13:18:34 IST">
  <testcase classname="test.TC002" name="Testcase" time="29.775"/>
  <testcase classname="test.Tc001_MenuNavigation" name="validLoginTest" time="101.026"/>
  <testcase classname="test.TC003_SearchAdditem" name="validLoginTest" time="47.966"/>
  <testcase classname="test.TC004_Checkout" name="validCheckoutTest" time="123.049"/>
</testsuite> <!-- Test -->
