<?xml version="1.0" encoding="UTF-8"?>
<!-- Generated by org.testng.reporters.JUnitXMLReporter -->
<testsuite ignored="0" hostname="DESKTOP-I0292P0" failures="0" tests="4" name="Test" time="264.757" errors="0" timestamp="2024-08-08T13:33:49 IST">
  <testcase classname="test.TC002" name="Testcase" time="26.942"/>
  <testcase classname="test.Tc001_MenuNavigation" name="validLoginTest" time="77.232"/>
  <testcase classname="test.TC003_SearchAdditem" name="validLoginTest" time="44.177"/>
  <testcase classname="test.TC004_Checkout" name="validCheckoutTest" time="86.873"/>
</testsuite> <!-- Test -->
