<?xml version="1.0" encoding="UTF-8"?>
<testng-results ignored="0" total="4" passed="4" failed="0" skipped="0">
  <reporter-output>
  </reporter-output>
  <suite started-at="2024-08-08T13:29:23 IST" name="Suite" finished-at="2024-08-08T13:33:48 IST" duration-ms="264757">
    <groups>
    </groups>
    <test started-at="2024-08-08T13:29:23 IST" name="Test" finished-at="2024-08-08T13:33:48 IST" duration-ms="264757">
      <class name="test.TC003_SearchAdditem">
        <test-method is-config="true" signature="launchingBrowser(java.lang.String,java.lang.String)[pri:0, instance:test.TC003_SearchAdditem@50378a4]" started-at="2024-08-08T13:31:22 IST" name="launchingBrowser" finished-at="2024-08-08T13:31:29 IST" duration-ms="6641" status="PASS">
          <params>
            <param index="0">
              <value>
                <![CDATA[https://www.bestbuy.com/]]>
              </value>
            </param>
            <param index="1">
              <value>
                <![CDATA[chrome]]>
              </value>
            </param>
          </params>
          <reporter-output>
          </reporter-output>
        </test-method> <!-- launchingBrowser -->
        <test-method signature="validLoginTest()[pri:0, instance:test.TC003_SearchAdditem@50378a4]" started-at="2024-08-08T13:31:29 IST" name="validLoginTest" finished-at="2024-08-08T13:32:13 IST" duration-ms="44177" status="PASS">
          <reporter-output>
          </reporter-output>
        </test-method> <!-- validLoginTest -->
      </class> <!-- test.TC003_SearchAdditem -->
      <class name="test.TC004_Checkout">
        <test-method is-config="true" signature="launchingBrowser(java.lang.String,java.lang.String)[pri:0, instance:test.TC004_Checkout@60f00693]" started-at="2024-08-08T13:32:13 IST" name="launchingBrowser" finished-at="2024-08-08T13:32:21 IST" duration-ms="8155" status="PASS">
          <params>
            <param index="0">
              <value>
                <![CDATA[https://www.bestbuy.com/]]>
              </value>
            </param>
            <param index="1">
              <value>
                <![CDATA[chrome]]>
              </value>
            </param>
          </params>
          <reporter-output>
          </reporter-output>
        </test-method> <!-- launchingBrowser -->
        <test-method signature="validCheckoutTest()[pri:0, instance:test.TC004_Checkout@60f00693]" started-at="2024-08-08T13:32:21 IST" name="validCheckoutTest" finished-at="2024-08-08T13:33:48 IST" duration-ms="86873" status="PASS">
          <reporter-output>
          </reporter-output>
        </test-method> <!-- validCheckoutTest -->
      </class> <!-- test.TC004_Checkout -->
      <class name="test.TC002">
        <test-method is-config="true" signature="setup()[pri:0, instance:test.TC002@dc7df28]" started-at="2024-08-08T13:29:23 IST" name="setup" finished-at="2024-08-08T13:29:23 IST" duration-ms="19" status="PASS">
          <reporter-output>
          </reporter-output>
        </test-method> <!-- setup -->
        <test-method is-config="true" signature="launchingBrowser(java.lang.String,java.lang.String)[pri:0, instance:test.TC002@dc7df28]" started-at="2024-08-08T13:29:24 IST" name="launchingBrowser" finished-at="2024-08-08T13:29:32 IST" duration-ms="7851" status="PASS">
          <params>
            <param index="0">
              <value>
                <![CDATA[https://www.bestbuy.com/]]>
              </value>
            </param>
            <param index="1">
              <value>
                <![CDATA[chrome]]>
              </value>
            </param>
          </params>
          <reporter-output>
          </reporter-output>
        </test-method> <!-- launchingBrowser -->
        <test-method signature="Testcase(java.lang.String,java.lang.String,java.lang.String,java.lang.String,java.lang.String,java.lang.String)[pri:0, instance:test.TC002@dc7df28]" started-at="2024-08-08T13:29:32 IST" name="Testcase" data-provider="getData" finished-at="2024-08-08T13:29:59 IST" duration-ms="26942" status="PASS">
          <params>
            <param index="0">
              <value>
                <![CDATA[gef]]>
              </value>
            </param>
            <param index="1">
              <value>
                <![CDATA[ter]]>
              </value>
            </param>
            <param index="2">
              <value>
                <![CDATA[hjk]]>
              </value>
            </param>
            <param index="3">
              <value>
                <![CDATA[hgk]]>
              </value>
            </param>
            <param index="4">
              <value>
                <![CDATA[hgk]]>
              </value>
            </param>
            <param index="5">
              <value>
                <![CDATA[1234567890]]>
              </value>
            </param>
          </params>
          <reporter-output>
          </reporter-output>
        </test-method> <!-- Testcase -->
      </class> <!-- test.TC002 -->
      <class name="test.Tc001_MenuNavigation">
        <test-method is-config="true" signature="launchingBrowser(java.lang.String,java.lang.String)[pri:0, instance:test.Tc001_MenuNavigation@5884a914]" started-at="2024-08-08T13:29:59 IST" name="launchingBrowser" finished-at="2024-08-08T13:30:05 IST" duration-ms="5499" status="PASS">
          <params>
            <param index="0">
              <value>
                <![CDATA[https://www.bestbuy.com/]]>
              </value>
            </param>
            <param index="1">
              <value>
                <![CDATA[chrome]]>
              </value>
            </param>
          </params>
          <reporter-output>
          </reporter-output>
        </test-method> <!-- launchingBrowser -->
        <test-method signature="validLoginTest()[pri:0, instance:test.Tc001_MenuNavigation@5884a914]" started-at="2024-08-08T13:30:05 IST" name="validLoginTest" finished-at="2024-08-08T13:31:22 IST" duration-ms="77232" status="PASS">
          <reporter-output>
          </reporter-output>
        </test-method> <!-- validLoginTest -->
      </class> <!-- test.Tc001_MenuNavigation -->
    </test> <!-- Test -->
  </suite> <!-- Suite -->
</testng-results>
