<?xml version="1.0" encoding="UTF-8"?>
<testng-results ignored="0" total="4" passed="4" failed="0" skipped="0">
  <reporter-output>
  </reporter-output>
  <suite started-at="2024-08-08T13:12:50 IST" name="Suite" finished-at="2024-08-08T13:18:32 IST" duration-ms="341246">
    <groups>
    </groups>
    <test started-at="2024-08-08T13:12:50 IST" name="Test" finished-at="2024-08-08T13:18:32 IST" duration-ms="341246">
      <class name="test.TC003_SearchAdditem">
        <test-method is-config="true" signature="launchingBrowser(java.lang.String,java.lang.String)[pri:0, instance:test.TC003_SearchAdditem@638ef7ed]" started-at="2024-08-08T13:15:19 IST" name="launchingBrowser" finished-at="2024-08-08T13:15:28 IST" duration-ms="8561" status="PASS">
          <params>
            <param index="0">
              <value>
                <![CDATA[https://www.bestbuy.com/]]>
              </value>
            </param>
            <param index="1">
              <value>
                <![CDATA[chrome]]>
              </value>
            </param>
          </params>
          <reporter-output>
          </reporter-output>
        </test-method> <!-- launchingBrowser -->
        <test-method signature="validLoginTest()[pri:0, instance:test.TC003_SearchAdditem@638ef7ed]" started-at="2024-08-08T13:15:28 IST" name="validLoginTest" finished-at="2024-08-08T13:16:16 IST" duration-ms="47966" status="PASS">
          <reporter-output>
          </reporter-output>
        </test-method> <!-- validLoginTest -->
      </class> <!-- test.TC003_SearchAdditem -->
      <class name="test.TC004_Checkout">
        <test-method is-config="true" signature="launchingBrowser(java.lang.String,java.lang.String)[pri:0, instance:test.TC004_Checkout@4bff7da0]" started-at="2024-08-08T13:16:16 IST" name="launchingBrowser" finished-at="2024-08-08T13:16:28 IST" duration-ms="12702" status="PASS">
          <params>
            <param index="0">
              <value>
                <![CDATA[https://www.bestbuy.com/]]>
              </value>
            </param>
            <param index="1">
              <value>
                <![CDATA[chrome]]>
              </value>
            </param>
          </params>
          <reporter-output>
          </reporter-output>
        </test-method> <!-- launchingBrowser -->
        <test-method signature="validCheckoutTest()[pri:0, instance:test.TC004_Checkout@4bff7da0]" started-at="2024-08-08T13:16:28 IST" name="validCheckoutTest" finished-at="2024-08-08T13:18:31 IST" duration-ms="123049" status="PASS">
          <reporter-output>
          </reporter-output>
        </test-method> <!-- validCheckoutTest -->
      </class> <!-- test.TC004_Checkout -->
      <class name="test.TC002">
        <test-method is-config="true" signature="setup()[pri:0, instance:test.TC002@17d919b6]" started-at="2024-08-08T13:12:50 IST" name="setup" finished-at="2024-08-08T13:12:51 IST" duration-ms="195" status="PASS">
          <reporter-output>
          </reporter-output>
        </test-method> <!-- setup -->
        <test-method is-config="true" signature="launchingBrowser(java.lang.String,java.lang.String)[pri:0, instance:test.TC002@17d919b6]" started-at="2024-08-08T13:12:52 IST" name="launchingBrowser" finished-at="2024-08-08T13:13:00 IST" duration-ms="8253" status="PASS">
          <params>
            <param index="0">
              <value>
                <![CDATA[https://www.bestbuy.com/]]>
              </value>
            </param>
            <param index="1">
              <value>
                <![CDATA[chrome]]>
              </value>
            </param>
          </params>
          <reporter-output>
          </reporter-output>
        </test-method> <!-- launchingBrowser -->
        <test-method signature="Testcase(java.lang.String,java.lang.String,java.lang.String,java.lang.String,java.lang.String,java.lang.String)[pri:0, instance:test.TC002@17d919b6]" started-at="2024-08-08T13:13:00 IST" name="Testcase" data-provider="getData" finished-at="2024-08-08T13:13:30 IST" duration-ms="29775" status="PASS">
          <params>
            <param index="0">
              <value>
                <![CDATA[gef]]>
              </value>
            </param>
            <param index="1">
              <value>
                <![CDATA[ter]]>
              </value>
            </param>
            <param index="2">
              <value>
                <![CDATA[hjk]]>
              </value>
            </param>
            <param index="3">
              <value>
                <![CDATA[hgk]]>
              </value>
            </param>
            <param index="4">
              <value>
                <![CDATA[hgk]]>
              </value>
            </param>
            <param index="5">
              <value>
                <![CDATA[1234567890]]>
              </value>
            </param>
          </params>
          <reporter-output>
          </reporter-output>
        </test-method> <!-- Testcase -->
      </class> <!-- test.TC002 -->
      <class name="test.Tc001_MenuNavigation">
        <test-method is-config="true" signature="launchingBrowser(java.lang.String,java.lang.String)[pri:0, instance:test.Tc001_MenuNavigation@7283d3eb]" started-at="2024-08-08T13:13:30 IST" name="launchingBrowser" finished-at="2024-08-08T13:13:38 IST" duration-ms="7759" status="PASS">
          <params>
            <param index="0">
              <value>
                <![CDATA[https://www.bestbuy.com/]]>
              </value>
            </param>
            <param index="1">
              <value>
                <![CDATA[chrome]]>
              </value>
            </param>
          </params>
          <reporter-output>
          </reporter-output>
        </test-method> <!-- launchingBrowser -->
        <test-method signature="validLoginTest()[pri:0, instance:test.Tc001_MenuNavigation@7283d3eb]" started-at="2024-08-08T13:13:38 IST" name="validLoginTest" finished-at="2024-08-08T13:15:19 IST" duration-ms="101026" status="PASS">
          <reporter-output>
          </reporter-output>
        </test-method> <!-- validLoginTest -->
      </class> <!-- test.Tc001_MenuNavigation -->
    </test> <!-- Test -->
  </suite> <!-- Suite -->
</testng-results>
